19:02:15.921 INFO  manager.ApplicationManager chrome
19:02:16.008 INFO  tests.BaseTest open browser
19:02:16.010 WARN  manager.ApplicationManager chrome
19:02:16.010 WARN  manager.ApplicationManager chrome
19:02:16.010 WARN  manager.ApplicationManager firefox
19:02:16.975 DEBUG i.n.u.i.l.InternalLoggerFactory Using SLF4J as the default logging framework
19:02:16.980 DEBUG io.netty.util.ResourceLeakDetector -Dio.netty.leakDetection.level: simple
19:02:16.980 DEBUG io.netty.util.ResourceLeakDetector -Dio.netty.leakDetection.targetRecords: 4
19:02:17.019 DEBUG i.n.util.ResourceLeakDetectorFactory Loaded default ResourceLeakDetector: io.netty.util.ResourceLeakDetector@2002348
19:02:17.047 DEBUG i.n.util.internal.PlatformDependent0 -Dio.netty.noUnsafe: false
19:02:17.047 DEBUG i.n.util.internal.PlatformDependent0 Java version: 8
19:02:17.047 DEBUG i.n.util.internal.PlatformDependent0 sun.misc.Unsafe.theUnsafe: available
19:02:17.049 DEBUG i.n.util.internal.PlatformDependent0 sun.misc.Unsafe.copyMemory: available
19:02:17.049 DEBUG i.n.util.internal.PlatformDependent0 sun.misc.Unsafe.storeFence: available
19:02:17.049 DEBUG i.n.util.internal.PlatformDependent0 java.nio.Buffer.address: available
19:02:17.049 DEBUG i.n.util.internal.PlatformDependent0 direct buffer constructor: available
19:02:17.049 DEBUG i.n.util.internal.PlatformDependent0 java.nio.Bits.unaligned: available, true
19:02:17.049 DEBUG i.n.util.internal.PlatformDependent0 jdk.internal.misc.Unsafe.allocateUninitializedArray(int): unavailable prior to Java9
19:02:17.049 DEBUG i.n.util.internal.PlatformDependent0 java.nio.DirectByteBuffer.<init>(long, {int,long}): available
19:02:17.051 DEBUG i.n.util.internal.PlatformDependent sun.misc.Unsafe: available
19:02:17.051 DEBUG i.n.util.internal.PlatformDependent -Dio.netty.tmpdir: C:\Users\Svetlana\AppData\Local\Temp (java.io.tmpdir)
19:02:17.051 DEBUG i.n.util.internal.PlatformDependent -Dio.netty.bitMode: 64 (sun.arch.data.model)
19:02:17.052 DEBUG i.n.util.internal.PlatformDependent Platform: Windows
19:02:17.052 DEBUG i.n.util.internal.PlatformDependent -Dio.netty.maxDirectMemory: 477626368 bytes
19:02:17.052 DEBUG i.n.util.internal.PlatformDependent -Dio.netty.uninitializedArrayAllocationThreshold: -1
19:02:17.053 DEBUG io.netty.util.internal.CleanerJava6 java.nio.ByteBuffer.cleaner(): available
19:02:17.053 DEBUG i.n.util.internal.PlatformDependent -Dio.netty.noPreferDirect: false
19:02:17.062 DEBUG i.n.util.internal.PlatformDependent org.jctools-core.MpscChunkedArrayQueue: available
19:02:17.082 DEBUG i.n.u.i.InternalThreadLocalMap -Dio.netty.threadLocalMap.stringBuilder.initialSize: 1024
19:02:17.082 DEBUG i.n.u.i.InternalThreadLocalMap -Dio.netty.threadLocalMap.stringBuilder.maxSize: 4096
19:02:17.520 DEBUG io.netty.handler.ssl.JdkSslContext Default protocols (JDK): [TLSv1.2] 
19:02:17.520 DEBUG io.netty.handler.ssl.JdkSslContext Default cipher suites (JDK): [TLS_ECDHE_ECDSA_WITH_AES_256_GCM_SHA384, TLS_ECDHE_ECDSA_WITH_AES_128_GCM_SHA256, TLS_ECDHE_RSA_WITH_AES_128_GCM_SHA256, TLS_ECDHE_RSA_WITH_AES_256_GCM_SHA384, TLS_ECDHE_RSA_WITH_AES_128_CBC_SHA, TLS_ECDHE_RSA_WITH_AES_256_CBC_SHA, TLS_RSA_WITH_AES_128_GCM_SHA256, TLS_RSA_WITH_AES_128_CBC_SHA, TLS_RSA_WITH_AES_256_CBC_SHA, TLS_AES_128_GCM_SHA256, TLS_AES_256_GCM_SHA384]
19:02:17.532 DEBUG i.n.u.concurrent.GlobalEventExecutor -Dio.netty.globalEventExecutor.quietPeriodSeconds: 1
19:02:17.549 DEBUG i.n.c.MultithreadEventLoopGroup -Dio.netty.eventLoopThreads: 16
19:02:17.562 DEBUG io.netty.channel.nio.NioEventLoop -Dio.netty.noKeySetOptimization: false
19:02:17.562 DEBUG io.netty.channel.nio.NioEventLoop -Dio.netty.selectorAutoRebuildThreshold: 512
19:02:17.592 DEBUG i.n.buffer.PooledByteBufAllocator -Dio.netty.allocator.numHeapArenas: 16
19:02:17.592 DEBUG i.n.buffer.PooledByteBufAllocator -Dio.netty.allocator.numDirectArenas: 16
19:02:17.592 DEBUG i.n.buffer.PooledByteBufAllocator -Dio.netty.allocator.pageSize: 8192
19:02:17.592 DEBUG i.n.buffer.PooledByteBufAllocator -Dio.netty.allocator.maxOrder: 9
19:02:17.592 DEBUG i.n.buffer.PooledByteBufAllocator -Dio.netty.allocator.chunkSize: 4194304
19:02:17.592 DEBUG i.n.buffer.PooledByteBufAllocator -Dio.netty.allocator.smallCacheSize: 256
19:02:17.592 DEBUG i.n.buffer.PooledByteBufAllocator -Dio.netty.allocator.normalCacheSize: 64
19:02:17.592 DEBUG i.n.buffer.PooledByteBufAllocator -Dio.netty.allocator.maxCachedBufferCapacity: 32768
19:02:17.592 DEBUG i.n.buffer.PooledByteBufAllocator -Dio.netty.allocator.cacheTrimInterval: 8192
19:02:17.592 DEBUG i.n.buffer.PooledByteBufAllocator -Dio.netty.allocator.cacheTrimIntervalMillis: 0
19:02:17.592 DEBUG i.n.buffer.PooledByteBufAllocator -Dio.netty.allocator.useCacheForAllThreads: false
19:02:17.592 DEBUG i.n.buffer.PooledByteBufAllocator -Dio.netty.allocator.maxCachedByteBuffersPerChunk: 1023
19:02:17.603 DEBUG io.netty.buffer.ByteBufUtil -Dio.netty.allocator.type: pooled
19:02:17.603 DEBUG io.netty.buffer.ByteBufUtil -Dio.netty.threadLocalDirectBufferSize: 0
19:02:17.603 DEBUG io.netty.buffer.ByteBufUtil -Dio.netty.maxThreadLocalCharBufferSize: 16384
19:02:17.882 DEBUG io.netty.channel.DefaultChannelId -Dio.netty.processId: 4872 (auto-detected)
19:02:17.884 DEBUG io.netty.util.NetUtil -Djava.net.preferIPv4Stack: false
19:02:17.884 DEBUG io.netty.util.NetUtil -Djava.net.preferIPv6Addresses: false
19:02:18.097 DEBUG i.netty.util.NetUtilInitializations Loopback interface: lo (Software Loopback Interface 1, 127.0.0.1)
19:02:18.098 DEBUG io.netty.util.NetUtil Failed to get SOMAXCONN from sysctl and file \proc\sys\net\core\somaxconn. Default: 200
19:02:18.111 DEBUG io.netty.channel.DefaultChannelId -Dio.netty.machineId: e8:6f:38:ff:fe:63:e8:1d (auto-detected)
19:02:18.171 DEBUG io.netty.buffer.AbstractByteBuf -Dio.netty.buffer.checkAccessible: true
19:02:18.171 DEBUG io.netty.buffer.AbstractByteBuf -Dio.netty.buffer.checkBounds: true
19:02:18.171 DEBUG i.n.util.ResourceLeakDetectorFactory Loaded default ResourceLeakDetector: io.netty.util.ResourceLeakDetector@7cddd0f9
19:02:18.194 DEBUG o.a.n.channel.NettyConnectListener Using new Channel '[id: 0x3b936148, L:/127.0.0.1:50931 - R:localhost/127.0.0.1:25874]' for 'POST' to '/session'
19:02:18.220 DEBUG io.netty.util.Recycler -Dio.netty.recycler.maxCapacityPerThread: 4096
19:02:18.220 DEBUG io.netty.util.Recycler -Dio.netty.recycler.ratio: 8
19:02:18.220 DEBUG io.netty.util.Recycler -Dio.netty.recycler.chunkSize: 32
19:02:18.220 DEBUG io.netty.util.Recycler -Dio.netty.recycler.blocking: false
19:02:18.220 DEBUG io.netty.util.Recycler -Dio.netty.recycler.batchFastThreadLocalOnly: true
19:02:19.117 DEBUG i.n.handler.codec.compression.Brotli brotli4j not in the classpath; Brotli support will be unavailable.
19:02:19.117 DEBUG o.a.netty.handler.HttpHandler 

Request DefaultHttpRequest(decodeResult: success, version: HTTP/1.1)
POST /session HTTP/1.1
User-Agent: selenium/4.12.0 (java windows)
Content-Length: 342
Content-Type: application/json; charset=utf-8
host: localhost:25874
accept: */*

Response DefaultHttpResponse(decodeResult: success, version: HTTP/1.1)
HTTP/1.1 200 OK
Content-Length: 885
Content-Type: application/json; charset=utf-8
cache-control: no-cache

19:02:19.137 DEBUG o.a.netty.channel.ChannelManager Adding key: http://localhost:25874 for channel [id: 0x3b936148, L:/127.0.0.1:50931 - R:localhost/127.0.0.1:25874]
19:02:19.304 DEBUG o.a.n.channel.NettyConnectListener Using new Channel '[id: 0x24df4ece, L:/127.0.0.1:50939 - R:localhost/127.0.0.1:50932]' for 'GET' to '/json/version'
19:02:19.307 DEBUG o.a.netty.handler.HttpHandler 

Request DefaultFullHttpRequest(decodeResult: success, version: HTTP/1.1, content: EmptyByteBufBE)
GET /json/version HTTP/1.1
User-Agent: selenium/4.12.0 (java windows)
host: localhost:50932
accept: */*

Response DefaultHttpResponse(decodeResult: success, version: HTTP/1.1)
HTTP/1.1 200 OK
Content-Security-Policy: frame-ancestors 'none'
Content-Length: 422
Content-Type: application/json; charset=UTF-8

19:02:19.307 DEBUG o.a.netty.channel.ChannelManager Adding key: http://localhost:50932 for channel [id: 0x24df4ece, L:/127.0.0.1:50939 - R:localhost/127.0.0.1:50932]
19:02:19.326 DEBUG i.n.util.internal.ThreadLocalRandom -Dio.netty.initialSeedUniquifier: 0x81fd8c4d2a4d7e7f
19:02:19.332 DEBUG o.a.n.channel.NettyConnectListener Using new Channel '[id: 0x075ce1f8, L:/127.0.0.1:50940 - R:localhost/127.0.0.1:50932]' for 'GET' to '/devtools/browser/9372554c-1336-44fc-a179-8d3ce62d9268'
19:02:19.335 DEBUG o.a.netty.handler.WebSocketHandler 

Request DefaultFullHttpRequest(decodeResult: success, version: HTTP/1.1, content: EmptyByteBufBE)
GET /devtools/browser/9372554c-1336-44fc-a179-8d3ce62d9268 HTTP/1.1
upgrade: websocket
connection: upgrade
sec-websocket-key: k18V+0mFlXBA5cbDHRG6oQ==
sec-websocket-version: 13
origin: http://localhost:50932
host: localhost:50932
accept: */*
user-agent: AHC/2.1

Response DefaultHttpResponse(decodeResult: success, version: HTTP/1.1)
HTTP/1.1 101 WebSocket Protocol Handshake
Upgrade: WebSocket
Connection: Upgrade
Sec-WebSocket-Accept: TUFxgAqhq0JaCX9RbbcCyR0yxjk=

19:02:19.675 DEBUG o.a.netty.channel.DefaultChannelPool Entry count for : http://localhost:25874 : 1
19:02:19.677 DEBUG o.a.netty.channel.DefaultChannelPool Entry count for : http://localhost:50932 : 1
19:02:20.149 WARN  manager.ApplicationManager chrome
19:02:20.178 DEBUG o.a.netty.request.NettyRequestSender Using pooled Channel '[id: 0x3b936148, L:/127.0.0.1:50931 - R:localhost/127.0.0.1:25874]' for 'POST' to 'http://localhost:25874/session/9d87dabf094c28b00d4921a80e9e0cc3/url'
19:02:20.178 DEBUG o.a.netty.request.NettyRequestSender Using open Channel [id: 0x3b936148, L:/127.0.0.1:50931 - R:localhost/127.0.0.1:25874] for POST '/session/9d87dabf094c28b00d4921a80e9e0cc3/url'
19:02:20.772 DEBUG o.a.netty.channel.DefaultChannelPool Entry count for : http://localhost:50932 : 1
19:02:21.553 DEBUG o.a.netty.handler.HttpHandler 

Request DefaultHttpRequest(decodeResult: success, version: HTTP/1.1)
POST /session/9d87dabf094c28b00d4921a80e9e0cc3/url HTTP/1.1
User-Agent: selenium/4.12.0 (java windows)
Content-Length: 60
Content-Type: application/json; charset=utf-8
host: localhost:25874
accept: */*

Response DefaultHttpResponse(decodeResult: success, version: HTTP/1.1)
HTTP/1.1 200 OK
Content-Length: 14
Content-Type: application/json; charset=utf-8
cache-control: no-cache

19:02:21.553 DEBUG o.a.netty.channel.ChannelManager Adding key: http://localhost:25874 for channel [id: 0x3b936148, L:/127.0.0.1:50931 - R:localhost/127.0.0.1:25874]
19:02:21.594 DEBUG o.a.netty.request.NettyRequestSender Using pooled Channel '[id: 0x3b936148, L:/127.0.0.1:50931 - R:localhost/127.0.0.1:25874]' for 'POST' to 'http://localhost:25874/session/9d87dabf094c28b00d4921a80e9e0cc3/window/maximize'
19:02:21.594 DEBUG o.a.netty.request.NettyRequestSender Using open Channel [id: 0x3b936148, L:/127.0.0.1:50931 - R:localhost/127.0.0.1:25874] for POST '/session/9d87dabf094c28b00d4921a80e9e0cc3/window/maximize'
19:02:21.724 DEBUG o.a.netty.handler.HttpHandler 

Request DefaultHttpRequest(decodeResult: success, version: HTTP/1.1)
POST /session/9d87dabf094c28b00d4921a80e9e0cc3/window/maximize HTTP/1.1
User-Agent: selenium/4.12.0 (java windows)
Content-Length: 3
Content-Type: application/json; charset=utf-8
host: localhost:25874
accept: */*

Response DefaultHttpResponse(decodeResult: success, version: HTTP/1.1)
HTTP/1.1 200 OK
Content-Length: 50
Content-Type: application/json; charset=utf-8
cache-control: no-cache

19:02:21.724 DEBUG o.a.netty.channel.ChannelManager Adding key: http://localhost:25874 for channel [id: 0x3b936148, L:/127.0.0.1:50931 - R:localhost/127.0.0.1:25874]
19:02:21.746 DEBUG o.a.netty.request.NettyRequestSender Using pooled Channel '[id: 0x3b936148, L:/127.0.0.1:50931 - R:localhost/127.0.0.1:25874]' for 'POST' to 'http://localhost:25874/session/9d87dabf094c28b00d4921a80e9e0cc3/timeouts'
19:02:21.746 DEBUG o.a.netty.request.NettyRequestSender Using open Channel [id: 0x3b936148, L:/127.0.0.1:50931 - R:localhost/127.0.0.1:25874] for POST '/session/9d87dabf094c28b00d4921a80e9e0cc3/timeouts'
19:02:21.747 DEBUG o.a.netty.handler.HttpHandler 

Request DefaultHttpRequest(decodeResult: success, version: HTTP/1.1)
POST /session/9d87dabf094c28b00d4921a80e9e0cc3/timeouts HTTP/1.1
User-Agent: selenium/4.12.0 (java windows)
Content-Length: 22
Content-Type: application/json; charset=utf-8
host: localhost:25874
accept: */*

Response DefaultHttpResponse(decodeResult: success, version: HTTP/1.1)
HTTP/1.1 200 OK
Content-Length: 14
Content-Type: application/json; charset=utf-8
cache-control: no-cache

19:02:21.749 DEBUG o.a.netty.channel.ChannelManager Adding key: http://localhost:25874 for channel [id: 0x3b936148, L:/127.0.0.1:50931 - R:localhost/127.0.0.1:25874]
19:02:21.764 INFO  manager.ApplicationManager navigated according url value in config file
19:02:21.876 DEBUG o.a.netty.channel.DefaultChannelPool Entry count for : http://localhost:25874 : 1
19:02:21.876 DEBUG o.a.netty.channel.DefaultChannelPool Entry count for : http://localhost:50932 : 1
19:02:22.026 INFO  tests.BaseTest close browser
19:02:22.044 DEBUG o.a.netty.handler.WebSocketHandler Channel Closed: [id: 0x075ce1f8, L:/127.0.0.1:50940 ! R:localhost/127.0.0.1:50932] with attribute DISCARD
19:02:22.051 DEBUG o.a.netty.request.NettyRequestSender Using pooled Channel '[id: 0x3b936148, L:/127.0.0.1:50931 - R:localhost/127.0.0.1:25874]' for 'DELETE' to 'http://localhost:25874/session/9d87dabf094c28b00d4921a80e9e0cc3'
19:02:22.051 DEBUG o.a.netty.request.NettyRequestSender Using open Channel [id: 0x3b936148, L:/127.0.0.1:50931 - R:localhost/127.0.0.1:25874] for DELETE '/session/9d87dabf094c28b00d4921a80e9e0cc3'
19:02:22.096 DEBUG o.a.netty.handler.HttpHandler Unexpected I/O exception on channel [id: 0x24df4ece, L:/127.0.0.1:50939 - R:localhost/127.0.0.1:50932]
java.io.IOException: РЈРґР°Р»РµРЅРЅС‹Р№ С…РѕСЃС‚ РїСЂРёРЅСѓРґРёС‚РµР»СЊРЅРѕ СЂР°Р·РѕСЂРІР°Р» СЃСѓС‰РµСЃС‚РІСѓСЋС‰РµРµ РїРѕРґРєР»СЋС‡РµРЅРёРµ
	at sun.nio.ch.SocketDispatcher.read0(Native Method)
	at sun.nio.ch.SocketDispatcher.read(SocketDispatcher.java:43)
	at sun.nio.ch.IOUtil.readIntoNativeBuffer(IOUtil.java:223)
	at sun.nio.ch.IOUtil.read(IOUtil.java:192)
	at sun.nio.ch.SocketChannelImpl.read(SocketChannelImpl.java:378)
	at io.netty.buffer.PooledByteBuf.setBytes(PooledByteBuf.java:254)
	at io.netty.buffer.AbstractByteBuf.writeBytes(AbstractByteBuf.java:1132)
	at io.netty.channel.socket.nio.NioSocketChannel.doReadBytes(NioSocketChannel.java:357)
	at io.netty.channel.nio.AbstractNioByteChannel$NioByteUnsafe.read(AbstractNioByteChannel.java:151)
	at io.netty.channel.nio.NioEventLoop.processSelectedKey(NioEventLoop.java:788)
	at io.netty.channel.nio.NioEventLoop.processSelectedKeysOptimized(NioEventLoop.java:724)
	at io.netty.channel.nio.NioEventLoop.processSelectedKeys(NioEventLoop.java:650)
	at io.netty.channel.nio.NioEventLoop.run(NioEventLoop.java:562)
	at io.netty.util.concurrent.SingleThreadEventExecutor$4.run(SingleThreadEventExecutor.java:997)
	at io.netty.util.internal.ThreadExecutorMap$2.run(ThreadExecutorMap.java:74)
	at io.netty.util.concurrent.FastThreadLocalRunnable.run(FastThreadLocalRunnable.java:30)
	at java.lang.Thread.run(Thread.java:750)
19:02:22.102 DEBUG o.a.netty.channel.ChannelManager Closing Channel [id: 0x24df4ece, L:/127.0.0.1:50939 - R:localhost/127.0.0.1:50932] 
19:02:22.105 DEBUG o.a.netty.handler.HttpHandler Channel Closed: [id: 0x24df4ece, L:/127.0.0.1:50939 ! R:localhost/127.0.0.1:50932] with attribute DISCARD
19:02:22.112 DEBUG o.a.netty.handler.HttpHandler 

Request DefaultFullHttpRequest(decodeResult: success, version: HTTP/1.1, content: EmptyByteBufBE)
DELETE /session/9d87dabf094c28b00d4921a80e9e0cc3 HTTP/1.1
User-Agent: selenium/4.12.0 (java windows)
Content-Type: application/json; charset=utf-8
host: localhost:25874
accept: */*

Response DefaultHttpResponse(decodeResult: success, version: HTTP/1.1)
HTTP/1.1 200 OK
Content-Length: 14
Content-Type: application/json; charset=utf-8
cache-control: no-cache

19:02:22.112 DEBUG o.a.netty.channel.ChannelManager Adding key: http://localhost:25874 for channel [id: 0x3b936148, L:/127.0.0.1:50931 - R:localhost/127.0.0.1:25874]
19:02:22.202 DEBUG o.a.netty.handler.HttpHandler Channel Closed: [id: 0x3b936148, L:/127.0.0.1:50931 ! R:localhost/127.0.0.1:25874] with attribute DISCARD
