19:12:33.531 INFO  manager.ApplicationManager chrome
19:12:33.624 INFO  tests.BaseTest open browser
19:12:33.624 WARN  manager.ApplicationManager chrome
19:12:33.624 WARN  manager.ApplicationManager chrome
19:12:33.625 WARN  manager.ApplicationManager firefox
19:12:34.337 DEBUG i.n.u.i.l.InternalLoggerFactory Using SLF4J as the default logging framework
19:12:34.341 DEBUG io.netty.util.ResourceLeakDetector -Dio.netty.leakDetection.level: simple
19:12:34.342 DEBUG io.netty.util.ResourceLeakDetector -Dio.netty.leakDetection.targetRecords: 4
19:12:34.373 DEBUG i.n.util.ResourceLeakDetectorFactory Loaded default ResourceLeakDetector: io.netty.util.ResourceLeakDetector@54c62d71
19:12:34.394 DEBUG i.n.util.internal.PlatformDependent0 -Dio.netty.noUnsafe: false
19:12:34.394 DEBUG i.n.util.internal.PlatformDependent0 Java version: 8
19:12:34.395 DEBUG i.n.util.internal.PlatformDependent0 sun.misc.Unsafe.theUnsafe: available
19:12:34.396 DEBUG i.n.util.internal.PlatformDependent0 sun.misc.Unsafe.copyMemory: available
19:12:34.396 DEBUG i.n.util.internal.PlatformDependent0 sun.misc.Unsafe.storeFence: available
19:12:34.396 DEBUG i.n.util.internal.PlatformDependent0 java.nio.Buffer.address: available
19:12:34.397 DEBUG i.n.util.internal.PlatformDependent0 direct buffer constructor: available
19:12:34.397 DEBUG i.n.util.internal.PlatformDependent0 java.nio.Bits.unaligned: available, true
19:12:34.397 DEBUG i.n.util.internal.PlatformDependent0 jdk.internal.misc.Unsafe.allocateUninitializedArray(int): unavailable prior to Java9
19:12:34.397 DEBUG i.n.util.internal.PlatformDependent0 java.nio.DirectByteBuffer.<init>(long, {int,long}): available
19:12:34.397 DEBUG i.n.util.internal.PlatformDependent sun.misc.Unsafe: available
19:12:34.398 DEBUG i.n.util.internal.PlatformDependent -Dio.netty.tmpdir: C:\Users\Svetlana\AppData\Local\Temp (java.io.tmpdir)
19:12:34.398 DEBUG i.n.util.internal.PlatformDependent -Dio.netty.bitMode: 64 (sun.arch.data.model)
19:12:34.398 DEBUG i.n.util.internal.PlatformDependent Platform: Windows
19:12:34.399 DEBUG i.n.util.internal.PlatformDependent -Dio.netty.maxDirectMemory: 477626368 bytes
19:12:34.399 DEBUG i.n.util.internal.PlatformDependent -Dio.netty.uninitializedArrayAllocationThreshold: -1
19:12:34.400 DEBUG io.netty.util.internal.CleanerJava6 java.nio.ByteBuffer.cleaner(): available
19:12:34.400 DEBUG i.n.util.internal.PlatformDependent -Dio.netty.noPreferDirect: false
19:12:34.408 DEBUG i.n.util.internal.PlatformDependent org.jctools-core.MpscChunkedArrayQueue: available
19:12:34.430 DEBUG i.n.u.i.InternalThreadLocalMap -Dio.netty.threadLocalMap.stringBuilder.initialSize: 1024
19:12:34.430 DEBUG i.n.u.i.InternalThreadLocalMap -Dio.netty.threadLocalMap.stringBuilder.maxSize: 4096
19:12:34.864 DEBUG io.netty.handler.ssl.JdkSslContext Default protocols (JDK): [TLSv1.2] 
19:12:34.864 DEBUG io.netty.handler.ssl.JdkSslContext Default cipher suites (JDK): [TLS_ECDHE_ECDSA_WITH_AES_256_GCM_SHA384, TLS_ECDHE_ECDSA_WITH_AES_128_GCM_SHA256, TLS_ECDHE_RSA_WITH_AES_128_GCM_SHA256, TLS_ECDHE_RSA_WITH_AES_256_GCM_SHA384, TLS_ECDHE_RSA_WITH_AES_128_CBC_SHA, TLS_ECDHE_RSA_WITH_AES_256_CBC_SHA, TLS_RSA_WITH_AES_128_GCM_SHA256, TLS_RSA_WITH_AES_128_CBC_SHA, TLS_RSA_WITH_AES_256_CBC_SHA, TLS_AES_128_GCM_SHA256, TLS_AES_256_GCM_SHA384]
19:12:34.877 DEBUG i.n.u.concurrent.GlobalEventExecutor -Dio.netty.globalEventExecutor.quietPeriodSeconds: 1
19:12:34.894 DEBUG i.n.c.MultithreadEventLoopGroup -Dio.netty.eventLoopThreads: 16
19:12:34.901 DEBUG io.netty.channel.nio.NioEventLoop -Dio.netty.noKeySetOptimization: false
19:12:34.901 DEBUG io.netty.channel.nio.NioEventLoop -Dio.netty.selectorAutoRebuildThreshold: 512
19:12:34.933 DEBUG i.n.buffer.PooledByteBufAllocator -Dio.netty.allocator.numHeapArenas: 16
19:12:34.934 DEBUG i.n.buffer.PooledByteBufAllocator -Dio.netty.allocator.numDirectArenas: 16
19:12:34.934 DEBUG i.n.buffer.PooledByteBufAllocator -Dio.netty.allocator.pageSize: 8192
19:12:34.934 DEBUG i.n.buffer.PooledByteBufAllocator -Dio.netty.allocator.maxOrder: 9
19:12:34.934 DEBUG i.n.buffer.PooledByteBufAllocator -Dio.netty.allocator.chunkSize: 4194304
19:12:34.935 DEBUG i.n.buffer.PooledByteBufAllocator -Dio.netty.allocator.smallCacheSize: 256
19:12:34.935 DEBUG i.n.buffer.PooledByteBufAllocator -Dio.netty.allocator.normalCacheSize: 64
19:12:34.935 DEBUG i.n.buffer.PooledByteBufAllocator -Dio.netty.allocator.maxCachedBufferCapacity: 32768
19:12:34.935 DEBUG i.n.buffer.PooledByteBufAllocator -Dio.netty.allocator.cacheTrimInterval: 8192
19:12:34.935 DEBUG i.n.buffer.PooledByteBufAllocator -Dio.netty.allocator.cacheTrimIntervalMillis: 0
19:12:34.935 DEBUG i.n.buffer.PooledByteBufAllocator -Dio.netty.allocator.useCacheForAllThreads: false
19:12:34.935 DEBUG i.n.buffer.PooledByteBufAllocator -Dio.netty.allocator.maxCachedByteBuffersPerChunk: 1023
19:12:34.946 DEBUG io.netty.buffer.ByteBufUtil -Dio.netty.allocator.type: pooled
19:12:34.946 DEBUG io.netty.buffer.ByteBufUtil -Dio.netty.threadLocalDirectBufferSize: 0
19:12:34.946 DEBUG io.netty.buffer.ByteBufUtil -Dio.netty.maxThreadLocalCharBufferSize: 16384
19:12:35.223 DEBUG io.netty.channel.DefaultChannelId -Dio.netty.processId: 12820 (auto-detected)
19:12:35.225 DEBUG io.netty.util.NetUtil -Djava.net.preferIPv4Stack: false
19:12:35.225 DEBUG io.netty.util.NetUtil -Djava.net.preferIPv6Addresses: false
19:12:35.416 DEBUG i.netty.util.NetUtilInitializations Loopback interface: lo (Software Loopback Interface 1, 127.0.0.1)
19:12:35.417 DEBUG io.netty.util.NetUtil Failed to get SOMAXCONN from sysctl and file \proc\sys\net\core\somaxconn. Default: 200
19:12:35.429 DEBUG io.netty.channel.DefaultChannelId -Dio.netty.machineId: e8:6f:38:ff:fe:63:e8:1d (auto-detected)
19:12:35.483 DEBUG io.netty.buffer.AbstractByteBuf -Dio.netty.buffer.checkAccessible: true
19:12:35.484 DEBUG io.netty.buffer.AbstractByteBuf -Dio.netty.buffer.checkBounds: true
19:12:35.484 DEBUG i.n.util.ResourceLeakDetectorFactory Loaded default ResourceLeakDetector: io.netty.util.ResourceLeakDetector@3e62c99c
19:12:35.510 DEBUG o.a.n.channel.NettyConnectListener Using new Channel '[id: 0xa48961aa, L:/127.0.0.1:51304 - R:localhost/127.0.0.1:29956]' for 'POST' to '/session'
19:12:35.528 DEBUG io.netty.util.Recycler -Dio.netty.recycler.maxCapacityPerThread: 4096
19:12:35.528 DEBUG io.netty.util.Recycler -Dio.netty.recycler.ratio: 8
19:12:35.528 DEBUG io.netty.util.Recycler -Dio.netty.recycler.chunkSize: 32
19:12:35.528 DEBUG io.netty.util.Recycler -Dio.netty.recycler.blocking: false
19:12:35.528 DEBUG io.netty.util.Recycler -Dio.netty.recycler.batchFastThreadLocalOnly: true
19:12:36.203 DEBUG i.n.handler.codec.compression.Brotli brotli4j not in the classpath; Brotli support will be unavailable.
19:12:36.203 DEBUG o.a.netty.handler.HttpHandler 

Request DefaultHttpRequest(decodeResult: success, version: HTTP/1.1)
POST /session HTTP/1.1
User-Agent: selenium/4.12.0 (java windows)
Content-Length: 342
Content-Type: application/json; charset=utf-8
host: localhost:29956
accept: */*

Response DefaultHttpResponse(decodeResult: success, version: HTTP/1.1)
HTTP/1.1 200 OK
Content-Length: 884
Content-Type: application/json; charset=utf-8
cache-control: no-cache

19:12:36.217 DEBUG o.a.netty.channel.ChannelManager Adding key: http://localhost:29956 for channel [id: 0xa48961aa, L:/127.0.0.1:51304 - R:localhost/127.0.0.1:29956]
19:12:36.553 DEBUG o.a.n.channel.NettyConnectListener Using new Channel '[id: 0x0f6234ac, L:/127.0.0.1:51312 - R:localhost/127.0.0.1:51305]' for 'GET' to '/json/version'
19:12:36.560 DEBUG o.a.netty.handler.HttpHandler 

Request DefaultFullHttpRequest(decodeResult: success, version: HTTP/1.1, content: EmptyByteBufBE)
GET /json/version HTTP/1.1
User-Agent: selenium/4.12.0 (java windows)
host: localhost:51305
accept: */*

Response DefaultHttpResponse(decodeResult: success, version: HTTP/1.1)
HTTP/1.1 200 OK
Content-Security-Policy: frame-ancestors 'none'
Content-Length: 422
Content-Type: application/json; charset=UTF-8

19:12:36.561 DEBUG o.a.netty.channel.ChannelManager Adding key: http://localhost:51305 for channel [id: 0x0f6234ac, L:/127.0.0.1:51312 - R:localhost/127.0.0.1:51305]
19:12:36.599 DEBUG i.n.util.internal.ThreadLocalRandom -Dio.netty.initialSeedUniquifier: 0x5f4cd6e02caa22c4
19:12:36.609 DEBUG o.a.n.channel.NettyConnectListener Using new Channel '[id: 0x59dcec9a, L:/127.0.0.1:51313 - R:localhost/127.0.0.1:51305]' for 'GET' to '/devtools/browser/8d5cc017-3b60-444b-9013-79c6ccafcec2'
19:12:36.613 DEBUG o.a.netty.handler.WebSocketHandler 

Request DefaultFullHttpRequest(decodeResult: success, version: HTTP/1.1, content: EmptyByteBufBE)
GET /devtools/browser/8d5cc017-3b60-444b-9013-79c6ccafcec2 HTTP/1.1
upgrade: websocket
connection: upgrade
sec-websocket-key: 28ErXbFd6xK9/khxLlimvg==
sec-websocket-version: 13
origin: http://localhost:51305
host: localhost:51305
accept: */*
user-agent: AHC/2.1

Response DefaultHttpResponse(decodeResult: success, version: HTTP/1.1)
HTTP/1.1 101 WebSocket Protocol Handshake
Upgrade: WebSocket
Connection: Upgrade
Sec-WebSocket-Accept: DTMlQ3eHek8JE8tHCiUBuGPR8e8=

19:12:37.014 DEBUG o.a.netty.channel.DefaultChannelPool Entry count for : http://localhost:29956 : 1
19:12:37.014 DEBUG o.a.netty.channel.DefaultChannelPool Entry count for : http://localhost:51305 : 1
19:12:37.628 WARN  manager.ApplicationManager chrome
19:12:37.652 DEBUG o.a.netty.request.NettyRequestSender Using pooled Channel '[id: 0xa48961aa, L:/127.0.0.1:51304 - R:localhost/127.0.0.1:29956]' for 'POST' to 'http://localhost:29956/session/60c9a602810f9fb140441ba62193a8c9/url'
19:12:37.652 DEBUG o.a.netty.request.NettyRequestSender Using open Channel [id: 0xa48961aa, L:/127.0.0.1:51304 - R:localhost/127.0.0.1:29956] for POST '/session/60c9a602810f9fb140441ba62193a8c9/url'
19:12:38.118 DEBUG o.a.netty.channel.DefaultChannelPool Entry count for : http://localhost:51305 : 1
19:12:38.851 DEBUG o.a.netty.handler.HttpHandler 

Request DefaultHttpRequest(decodeResult: success, version: HTTP/1.1)
POST /session/60c9a602810f9fb140441ba62193a8c9/url HTTP/1.1
User-Agent: selenium/4.12.0 (java windows)
Content-Length: 60
Content-Type: application/json; charset=utf-8
host: localhost:29956
accept: */*

Response DefaultHttpResponse(decodeResult: success, version: HTTP/1.1)
HTTP/1.1 200 OK
Content-Length: 14
Content-Type: application/json; charset=utf-8
cache-control: no-cache

19:12:38.852 DEBUG o.a.netty.channel.ChannelManager Adding key: http://localhost:29956 for channel [id: 0xa48961aa, L:/127.0.0.1:51304 - R:localhost/127.0.0.1:29956]
19:12:38.892 DEBUG o.a.netty.request.NettyRequestSender Using pooled Channel '[id: 0xa48961aa, L:/127.0.0.1:51304 - R:localhost/127.0.0.1:29956]' for 'POST' to 'http://localhost:29956/session/60c9a602810f9fb140441ba62193a8c9/window/maximize'
19:12:38.892 DEBUG o.a.netty.request.NettyRequestSender Using open Channel [id: 0xa48961aa, L:/127.0.0.1:51304 - R:localhost/127.0.0.1:29956] for POST '/session/60c9a602810f9fb140441ba62193a8c9/window/maximize'
19:12:39.011 DEBUG o.a.netty.handler.HttpHandler 

Request DefaultHttpRequest(decodeResult: success, version: HTTP/1.1)
POST /session/60c9a602810f9fb140441ba62193a8c9/window/maximize HTTP/1.1
User-Agent: selenium/4.12.0 (java windows)
Content-Length: 3
Content-Type: application/json; charset=utf-8
host: localhost:29956
accept: */*

Response DefaultHttpResponse(decodeResult: success, version: HTTP/1.1)
HTTP/1.1 200 OK
Content-Length: 50
Content-Type: application/json; charset=utf-8
cache-control: no-cache

19:12:39.012 DEBUG o.a.netty.channel.ChannelManager Adding key: http://localhost:29956 for channel [id: 0xa48961aa, L:/127.0.0.1:51304 - R:localhost/127.0.0.1:29956]
19:12:39.037 DEBUG o.a.netty.request.NettyRequestSender Using pooled Channel '[id: 0xa48961aa, L:/127.0.0.1:51304 - R:localhost/127.0.0.1:29956]' for 'POST' to 'http://localhost:29956/session/60c9a602810f9fb140441ba62193a8c9/timeouts'
19:12:39.037 DEBUG o.a.netty.request.NettyRequestSender Using open Channel [id: 0xa48961aa, L:/127.0.0.1:51304 - R:localhost/127.0.0.1:29956] for POST '/session/60c9a602810f9fb140441ba62193a8c9/timeouts'
19:12:39.038 DEBUG o.a.netty.handler.HttpHandler 

Request DefaultHttpRequest(decodeResult: success, version: HTTP/1.1)
POST /session/60c9a602810f9fb140441ba62193a8c9/timeouts HTTP/1.1
User-Agent: selenium/4.12.0 (java windows)
Content-Length: 22
Content-Type: application/json; charset=utf-8
host: localhost:29956
accept: */*

Response DefaultHttpResponse(decodeResult: success, version: HTTP/1.1)
HTTP/1.1 200 OK
Content-Length: 14
Content-Type: application/json; charset=utf-8
cache-control: no-cache

19:12:39.038 DEBUG o.a.netty.channel.ChannelManager Adding key: http://localhost:29956 for channel [id: 0xa48961aa, L:/127.0.0.1:51304 - R:localhost/127.0.0.1:29956]
19:12:39.051 INFO  manager.ApplicationManager navigated according url value in config file
19:12:39.214 DEBUG o.a.netty.channel.DefaultChannelPool Entry count for : http://localhost:29956 : 1
19:12:39.214 DEBUG o.a.netty.channel.DefaultChannelPool Entry count for : http://localhost:51305 : 1
19:12:39.260 INFO  tests.BaseTest close browser
19:12:39.272 DEBUG o.a.netty.handler.WebSocketHandler Channel Closed: [id: 0x59dcec9a, L:/127.0.0.1:51313 ! R:localhost/127.0.0.1:51305] with attribute DISCARD
19:12:39.279 DEBUG o.a.netty.request.NettyRequestSender Using pooled Channel '[id: 0xa48961aa, L:/127.0.0.1:51304 - R:localhost/127.0.0.1:29956]' for 'DELETE' to 'http://localhost:29956/session/60c9a602810f9fb140441ba62193a8c9'
19:12:39.280 DEBUG o.a.netty.request.NettyRequestSender Using open Channel [id: 0xa48961aa, L:/127.0.0.1:51304 - R:localhost/127.0.0.1:29956] for DELETE '/session/60c9a602810f9fb140441ba62193a8c9'
19:12:39.323 DEBUG o.a.netty.handler.HttpHandler Unexpected I/O exception on channel [id: 0x0f6234ac, L:/127.0.0.1:51312 - R:localhost/127.0.0.1:51305]
java.io.IOException: РЈРґР°Р»РµРЅРЅС‹Р№ С…РѕСЃС‚ РїСЂРёРЅСѓРґРёС‚РµР»СЊРЅРѕ СЂР°Р·РѕСЂРІР°Р» СЃСѓС‰РµСЃС‚РІСѓСЋС‰РµРµ РїРѕРґРєР»СЋС‡РµРЅРёРµ
	at sun.nio.ch.SocketDispatcher.read0(Native Method)
	at sun.nio.ch.SocketDispatcher.read(SocketDispatcher.java:43)
	at sun.nio.ch.IOUtil.readIntoNativeBuffer(IOUtil.java:223)
	at sun.nio.ch.IOUtil.read(IOUtil.java:192)
	at sun.nio.ch.SocketChannelImpl.read(SocketChannelImpl.java:378)
	at io.netty.buffer.PooledByteBuf.setBytes(PooledByteBuf.java:254)
	at io.netty.buffer.AbstractByteBuf.writeBytes(AbstractByteBuf.java:1132)
	at io.netty.channel.socket.nio.NioSocketChannel.doReadBytes(NioSocketChannel.java:357)
	at io.netty.channel.nio.AbstractNioByteChannel$NioByteUnsafe.read(AbstractNioByteChannel.java:151)
	at io.netty.channel.nio.NioEventLoop.processSelectedKey(NioEventLoop.java:788)
	at io.netty.channel.nio.NioEventLoop.processSelectedKeysOptimized(NioEventLoop.java:724)
	at io.netty.channel.nio.NioEventLoop.processSelectedKeys(NioEventLoop.java:650)
	at io.netty.channel.nio.NioEventLoop.run(NioEventLoop.java:562)
	at io.netty.util.concurrent.SingleThreadEventExecutor$4.run(SingleThreadEventExecutor.java:997)
	at io.netty.util.internal.ThreadExecutorMap$2.run(ThreadExecutorMap.java:74)
	at io.netty.util.concurrent.FastThreadLocalRunnable.run(FastThreadLocalRunnable.java:30)
	at java.lang.Thread.run(Thread.java:750)
19:12:39.328 DEBUG o.a.netty.channel.ChannelManager Closing Channel [id: 0x0f6234ac, L:/127.0.0.1:51312 - R:localhost/127.0.0.1:51305] 
19:12:39.330 DEBUG o.a.netty.handler.HttpHandler Channel Closed: [id: 0x0f6234ac, L:/127.0.0.1:51312 ! R:localhost/127.0.0.1:51305] with attribute DISCARD
19:12:39.341 DEBUG o.a.netty.handler.HttpHandler 

Request DefaultFullHttpRequest(decodeResult: success, version: HTTP/1.1, content: EmptyByteBufBE)
DELETE /session/60c9a602810f9fb140441ba62193a8c9 HTTP/1.1
User-Agent: selenium/4.12.0 (java windows)
Content-Type: application/json; charset=utf-8
host: localhost:29956
accept: */*

Response DefaultHttpResponse(decodeResult: success, version: HTTP/1.1)
HTTP/1.1 200 OK
Content-Length: 14
Content-Type: application/json; charset=utf-8
cache-control: no-cache

19:12:39.341 DEBUG o.a.netty.channel.ChannelManager Adding key: http://localhost:29956 for channel [id: 0xa48961aa, L:/127.0.0.1:51304 - R:localhost/127.0.0.1:29956]
19:12:39.445 DEBUG o.a.netty.handler.HttpHandler Channel Closed: [id: 0xa48961aa, L:/127.0.0.1:51304 ! R:localhost/127.0.0.1:29956] with attribute DISCARD
